[debug] > Exec(early(addDefaultCommands), None, None)
[debug] > Exec(addDefaultCommands, None, None)
[debug] > Exec(early(initialize), None, None)
[debug] > Exec(initialize, None, None)
[debug] > Exec(boot, None, None)
[debug] > Exec(writeSbtVersion, None, None)
[debug] > Exec(reload, None, None)
[debug] > Exec(sbtStashOnFailure, None, None)
[debug] > Exec(onFailure loadFailed, None, None)
[debug] > Exec(loadp, None, None)
[info] welcome to sbt 1.10.7 (Oracle Corporation Java 23.0.1)
[debug] Load.defaultLoad until apply took 589.4399ms
[debug]           Load.loadUnit: plugins took 387.8763ms
[debug]           Load.loadUnit: defsScala took 2.4796ms
[debug] [Loading] Scanning directory C:\Users\ricar\Desktop\practicum\ejecutable_proyectoIntegrador\proyectoIntegrador_ejecutable\project
[debug] [Loading] Found non-root projects 
[debug] [Loading] Done in C:\Users\ricar\Desktop\practicum\ejecutable_proyectoIntegrador\proyectoIntegrador_ejecutable\project, returning: ()
[debug] deducing auto plugins based on known facts Set(Atom(sbt.plugins.CorePlugin)) and clauses Clauses(Clause(Atom(sbt.plugins.JvmPlugin),Set(Atom(sbt.plugins.IvyPlugin)))
[debug] Clause(Atom(sbt.ScriptedPlugin),Set(Atom(sbt.plugins.JvmPlugin)))
[debug] Clause(Atom(sbt.plugins.SbtPlugin),Set(Atom(sbt.ScriptedPlugin)))
[debug] Clause(Atom(sbt.plugins.SemanticdbPlugin),Set(Atom(sbt.plugins.JvmPlugin)))
[debug] Clause(Atom(sbt.plugins.JUnitXmlReportPlugin),Set(Atom(sbt.plugins.JvmPlugin)))
[debug] Clause(Atom(sbt.plugins.MiniDependencyTreePlugin),Set(Atom(sbt.plugins.JvmPlugin)))
[debug] Clause(Atom(sbt.plugins.CorePlugin),Set(Atom(sbt.plugins.IvyPlugin)))
[debug] Clause(Atom(sbt.plugins.IvyPlugin),Set(Atom(sbt.plugins.JvmPlugin)))
[debug] Clause(Atom(sbt.plugins.JvmPlugin),Set(Atom(sbt.plugins.SemanticdbPlugin)))
[debug] Clause(Atom(sbt.plugins.JvmPlugin),Set(Atom(sbt.plugins.JUnitXmlReportPlugin)))
[debug] Clause(Atom(sbt.plugins.CorePlugin),Set(Atom(sbt.plugins.Giter8TemplatePlugin)))
[debug] Clause(Atom(sbt.plugins.JvmPlugin),Set(Atom(sbt.plugins.MiniDependencyTreePlugin))))
[debug]   :: deduced result: Matched(sbt.plugins.CorePlugin,sbt.plugins.Giter8TemplatePlugin,sbt.plugins.IvyPlugin,sbt.plugins.JvmPlugin,sbt.plugins.MiniDependencyTreePlugin,sbt.plugins.JUnitXmlReportPlugin,sbt.plugins.SemanticdbPlugin)
[debug] Plugins.deducer#function took 114.434 ms
[debug]               Load.resolveProject(proyectointegrador_ejecutable-build) took 171.8368ms
[debug]             Load.loadTransitive: finalizeProject(Project(id proyectointegrador_ejecutable-build, base: C:\Users\ricar\Desktop\practicum\ejecutable_proyectoIntegrador\proyectoIntegrador_ejecutable\project, plugins: List(<none>))) took 375.6182ms
[debug] [Loading] Done in C:\Users\ricar\Desktop\practicum\ejecutable_proyectoIntegrador\proyectoIntegrador_ejecutable\project, returning: (proyectointegrador_ejecutable-build)
[debug]           Load.loadUnit: loadedProjectsRaw took 546.6317ms
[debug]           Load.loadUnit: cleanEvalClasses took 0.5596ms
[debug]         Load.loadUnit(file:/C:/Users/ricar/Desktop/practicum/ejecutable_proyectoIntegrador/proyectoIntegrador_ejecutable/project/, ...) took 975.791ms
[debug]       Load.apply: load took 1870.8986ms
[debug]       Load.apply: resolveProjects took 34.8978ms
[debug]       Load.apply: finalTransforms took 590.794ms
[debug]       Load.apply: config.delegates took 60.3627ms
[debug]       Load.apply: Def.make(settings)... took 2177.7488ms
[debug]       Load.apply: structureIndex took 308.1425ms
[debug]       Load.apply: mkStreams took 5.4967ms
[info] loading project definition from C:\Users\ricar\Desktop\practicum\ejecutable_proyectoIntegrador\proyectoIntegrador_ejecutable\project
[debug] Running task... Cancel: Signal, check cycles: false, forcegc: true
